[Sun, 11 Nov 2012 23:51:50 GMT] INFO Server starting with config: {
  "environment": "development",
  "workers": 1,
  "port": 4000,
  "spdy": null,
  "ssl": null,
  "debug": true,
  "rotateWorkers": false,
  "rotationWindow": 7200000,
  "rotationTimeout": 300000,
  "logDir": "/Users/sarajchipps/Development/Arduino/sweater2/coalition-for-the-li/log",
  "gracefulShutdownTimeout": 30000,
  "heartbeatInterval": 5000,
  "heartbeatWindow": 20000,
  "staticFilePath": "/Users/sarajchipps/Development/Arduino/sweater2/coalition-for-the-li/public",
  "sessions": {
    "store": "memory",
    "key": "sid",
    "expiry": 1209600
  },
  "cookieSessionKey": "sdata",
  "metrics": null,
  "i18n": {
    "defaultLocale": "en-us",
    "loadPaths": [
      "/Users/sarajchipps/Development/Arduino/sweater2/coalition-for-the-li/config/locales"
    ]
  },
  "hostname": "localhost",
  "fullHostname": "http://localhost:4000",
  "connectCompatibility": false,
  "detailedErrors": true,
  "db": {
    "mongo": {
      "username": "sweater2",
      "dbname": "sweaterpower",
      "password": "butUiP0NUNtFAh7yaGEa",
      "host": "ds039267.mongolab.com",
      "port": 39267
    }
  },
  "model": {
    "defaultAdapter": "mongo"
  },
  "passport": {
    "successRedirect": "/message",
    "failureRedirect": "/login",
    "twitter": {
      "consumerKey": "XXXXX",
      "consumerSecret": "XXXXX"
    },
    "facebook": {
      "clientID": "XXXXX",
      "clientSecret": "XXXXX"
    }
  },
  "secret": "ZeOvvcjq8EuYOqxrUm8sL4sayEreQ5FJQGV2kavivA58aoj2pYDkH8dBP6DE89LB651t3JxbiPnpYKpmGCVLmHlE3Yz1FbRDcQZ5ELsUjZJigbLt2Ng7PKbVct2MpmzW"
}
[Sun, 11 Nov 2012 23:51:50 GMT] INFO Creating 1 worker process.
[Sun, 11 Nov 2012 23:51:50 GMT] INFO Server worker running in development on port 4000 with a PID of: 32129
[Sun, 11 Nov 2012 23:51:50 GMT] DEBUG LOGGING STARTED ============================================
[Sun, 11 Nov 2012 23:51:50 GMT] DEBUG ============================================================
