[Sat, 10 Nov 2012 15:17:44 GMT] INFO Server starting with config: {
  "environment": "development",
  "workers": 1,
  "port": 4000,
  "spdy": null,
  "ssl": null,
  "debug": true,
  "rotateWorkers": false,
  "rotationWindow": 7200000,
  "rotationTimeout": 300000,
  "logDir": "/Users/rushainem/Library/Developer/JavaScript/hackathons/coalition-for-the-li/log",
  "gracefulShutdownTimeout": 30000,
  "heartbeatInterval": 5000,
  "heartbeatWindow": 20000,
  "staticFilePath": "/Users/rushainem/Library/Developer/JavaScript/hackathons/coalition-for-the-li/public",
  "sessions": {
    "store": "memory",
    "key": "sid",
    "expiry": 1209600
  },
  "cookieSessionKey": "sdata",
  "metrics": null,
  "i18n": {
    "defaultLocale": "en-us",
    "loadPaths": [
      "/Users/rushainem/Library/Developer/JavaScript/hackathons/coalition-for-the-li/config/locales"
    ]
  },
  "hostname": "localhost",
  "fullHostname": "http://localhost:4000",
  "connectCompatibility": false,
  "detailedErrors": true,
  "model": {
    "defaultAdapter": "memory"
  },
  "passport": {
    "successRedirect": "/",
    "failureRedirect": "/login",
    "twitter": {
      "consumerKey": "XXXXX",
      "consumerSecret": "XXXXX"
    },
    "facebook": {
      "clientID": "XXXXX",
      "clientSecret": "XXXXX"
    }
  },
  "secret": "ZeOvvcjq8EuYOqxrUm8sL4sayEreQ5FJQGV2kavivA58aoj2pYDkH8dBP6DE89LB651t3JxbiPnpYKpmGCVLmHlE3Yz1FbRDcQZ5ELsUjZJigbLt2Ng7PKbVct2MpmzW"
}
[Sat, 10 Nov 2012 15:17:44 GMT] INFO Creating 1 worker process.
[Sat, 10 Nov 2012 15:17:44 GMT] INFO Server worker running in development on port 4000 with a PID of: 36386
[Sat, 10 Nov 2012 15:17:44 GMT] DEBUG LOGGING STARTED ============================================
[Sat, 10 Nov 2012 15:17:44 GMT] DEBUG ============================================================
[Sat, 10 Nov 2012 16:53:05 GMT] INFO Code changed, killing 36386, cycling ...
[Sat, 10 Nov 2012 16:53:05 GMT] INFO Creating 1 worker process.
[Sat, 10 Nov 2012 16:59:16 GMT] INFO Code changed, killing 37123, cycling ...
[Sat, 10 Nov 2012 16:59:16 GMT] INFO Creating 1 worker process.
[Sat, 10 Nov 2012 17:03:31 GMT] INFO Code changed, killing 37175, cycling ...
[Sat, 10 Nov 2012 17:03:31 GMT] INFO Creating 1 worker process.
